  main.cpp
C:\Program Files\Microsoft Visual Studio\2022\Community\VC\Tools\MSVC\14.41.34120\include\filesystem(12): warning STL4038: The contents of <filesystem> are available only with C++17 or later.
C:\Users\ASUS\Documents\4. GODINA\1. SEMESTAR\Računarska grafika\PROJEKAT\RG-Microwave2D\main.cpp(187,13): warning C4305: 'initializing': truncation from 'double' to 'float'
C:\Users\ASUS\Documents\4. GODINA\1. SEMESTAR\Računarska grafika\PROJEKAT\RG-Microwave2D\main.cpp(187,19): warning C4305: 'initializing': truncation from 'double' to 'float'
C:\Users\ASUS\Documents\4. GODINA\1. SEMESTAR\Računarska grafika\PROJEKAT\RG-Microwave2D\main.cpp(188,13): warning C4305: 'initializing': truncation from 'double' to 'float'
C:\Users\ASUS\Documents\4. GODINA\1. SEMESTAR\Računarska grafika\PROJEKAT\RG-Microwave2D\main.cpp(188,20): warning C4305: 'initializing': truncation from 'double' to 'float'
C:\Users\ASUS\Documents\4. GODINA\1. SEMESTAR\Računarska grafika\PROJEKAT\RG-Microwave2D\main.cpp(189,12): warning C4305: 'initializing': truncation from 'double' to 'float'
C:\Users\ASUS\Documents\4. GODINA\1. SEMESTAR\Računarska grafika\PROJEKAT\RG-Microwave2D\main.cpp(189,18): warning C4305: 'initializing': truncation from 'double' to 'float'
C:\Users\ASUS\Documents\4. GODINA\1. SEMESTAR\Računarska grafika\PROJEKAT\RG-Microwave2D\main.cpp(190,12): warning C4305: 'initializing': truncation from 'double' to 'float'
C:\Users\ASUS\Documents\4. GODINA\1. SEMESTAR\Računarska grafika\PROJEKAT\RG-Microwave2D\main.cpp(190,18): warning C4305: 'initializing': truncation from 'double' to 'float'
C:\Users\ASUS\Documents\4. GODINA\1. SEMESTAR\Računarska grafika\PROJEKAT\RG-Microwave2D\main.cpp(202,21): warning C4305: 'initializing': truncation from 'double' to 'float'
C:\Users\ASUS\Documents\4. GODINA\1. SEMESTAR\Računarska grafika\PROJEKAT\RG-Microwave2D\main.cpp(204,22): warning C4305: 'initializing': truncation from 'double' to 'float'
C:\Users\ASUS\Documents\4. GODINA\1. SEMESTAR\Računarska grafika\PROJEKAT\RG-Microwave2D\main.cpp(376,42): warning C4305: 'argument': truncation from 'double' to 'GLclampf'
C:\Users\ASUS\Documents\4. GODINA\1. SEMESTAR\Računarska grafika\PROJEKAT\RG-Microwave2D\main.cpp(376,32): warning C4305: 'argument': truncation from 'double' to 'GLclampf'
C:\Users\ASUS\Documents\4. GODINA\1. SEMESTAR\Računarska grafika\PROJEKAT\RG-Microwave2D\main.cpp(376,22): warning C4305: 'argument': truncation from 'double' to 'GLclampf'
C:\Users\ASUS\Documents\4. GODINA\1. SEMESTAR\Računarska grafika\PROJEKAT\RG-Microwave2D\main.cpp(449,60): warning C4305: 'argument': truncation from 'double' to 'float'
C:\Users\ASUS\Documents\4. GODINA\1. SEMESTAR\Računarska grafika\PROJEKAT\RG-Microwave2D\main.cpp(449,54): warning C4305: 'argument': truncation from 'double' to 'float'
C:\Users\ASUS\Documents\4. GODINA\1. SEMESTAR\Računarska grafika\PROJEKAT\RG-Microwave2D\main.cpp(449,47): warning C4305: 'argument': truncation from 'double' to 'float'
C:\Users\ASUS\Documents\4. GODINA\1. SEMESTAR\Računarska grafika\PROJEKAT\RG-Microwave2D\main.cpp(466,121): warning C4305: 'argument': truncation from 'double' to 'float'
C:\Users\ASUS\Documents\4. GODINA\1. SEMESTAR\Računarska grafika\PROJEKAT\RG-Microwave2D\main.cpp(472,69): warning C4305: 'argument': truncation from 'double' to 'float'
C:\Users\ASUS\Documents\4. GODINA\1. SEMESTAR\Računarska grafika\PROJEKAT\RG-Microwave2D\main.cpp(472,64): warning C4305: 'argument': truncation from 'double' to 'float'
C:\Users\ASUS\Documents\4. GODINA\1. SEMESTAR\Računarska grafika\PROJEKAT\RG-Microwave2D\main.cpp(472,60): warning C4305: 'argument': truncation from 'double' to 'float'
C:\Users\ASUS\Documents\4. GODINA\1. SEMESTAR\Računarska grafika\PROJEKAT\RG-Microwave2D\main.cpp(661,37): warning C4838: conversion from 'FT_Pos' to 'unsigned int' requires a narrowing conversion
  Sablon.vcxproj -> C:\Users\ASUS\Documents\4. GODINA\1. SEMESTAR\Računarska grafika\PROJEKAT\RG-Microwave2D\x64\Debug\Sablon.exe
